<?xml version="1.0" encoding="UTF-8"?>
<!-- Generated by org.testng.reporters.JUnitReportReporter -->
<testsuite hostname="Avijeet-Desktop" failures="0" tests="1" name="com.testcases.SearchTestPage" time="7.566" errors="0" timestamp="2022-08-08T13:54:59 IST" skipped="0">
  <testcase classname="com.testcases.SearchTestPage" name="verifySearchPageTest" time="7.566"/>
  <system-out/>
</testsuite> <!-- com.testcases.SearchTestPage -->
