<?xml version="1.0" encoding="UTF-8"?>
<!-- Generated by org.testng.reporters.JUnitReportReporter -->
<testsuite hostname="Avijeet-Desktop" failures="0" tests="2" name="com.testcases.HomePageTest" time="13.249" errors="0" timestamp="2022-08-08T13:54:59 IST" skipped="0">
  <testcase classname="com.testcases.HomePageTest" name="HomePageTitleTest" time="8.785"/>
  <system-out/>
  <testcase classname="com.testcases.HomePageTest" name="verifyUserNameTest" time="4.464"/>
  <system-out/>
</testsuite> <!-- com.testcases.HomePageTest -->
