<?xml version="1.0" encoding="UTF-8"?>
<!-- Generated by org.testng.reporters.JUnitReportReporter -->
<testsuite hostname="Avijeet-Desktop" failures="0" tests="2" name="com.testcases.RequestBookTest" time="8.919" errors="0" timestamp="2022-08-08T13:54:59 IST" skipped="0">
  <testcase classname="com.testcases.RequestBookTest" name="requestBookTitleTest" time="4.185"/>
  <system-out/>
  <testcase classname="com.testcases.RequestBookTest" name="Request_a_BookTest" time="4.734"/>
  <system-out/>
</testsuite> <!-- com.testcases.RequestBookTest -->
