<?xml version="1.0" encoding="UTF-8"?>
<!-- Generated by org.testng.reporters.JUnitReportReporter -->
<testsuite hostname="Avijeet-Desktop" failures="0" tests="2" name="com.testcases.ChangePasswordTest" time="11.902" errors="0" timestamp="2022-08-08T13:54:59 IST" skipped="0">
  <testcase classname="com.testcases.ChangePasswordTest" name="changePasswordTitleTest" time="4.702"/>
  <system-out/>
  <testcase classname="com.testcases.ChangePasswordTest" name="changePasswordofbooksawagonwithNewPassword" time="7.200"/>
  <system-out/>
</testsuite> <!-- com.testcases.ChangePasswordTest -->
