<?xml version="1.0" encoding="UTF-8"?>
<!-- Generated by org.testng.reporters.JUnitReportReporter -->
<testsuite hostname="Avijeet-Desktop" failures="0" tests="5" name="com.testcases.LoginPageTest" time="37.761" errors="0" timestamp="2022-08-08T13:54:59 IST" skipped="0">
  <testcase classname="com.testcases.LoginPageTest" name="multipleLoginTest" time="6.816"/>
  <system-out/>
  <testcase classname="com.testcases.LoginPageTest" name="multipleLoginTest" time="8.685"/>
  <system-out/>
  <testcase classname="com.testcases.LoginPageTest" name="multipleLoginTest" time="11.357"/>
  <system-out/>
  <testcase classname="com.testcases.LoginPageTest" name="loginPageTitleTest" time="3.397"/>
  <system-out/>
  <testcase classname="com.testcases.LoginPageTest" name="loginTest" time="7.506"/>
  <system-out/>
</testsuite> <!-- com.testcases.LoginPageTest -->
